20240723_123405_1 Thread Start
20240723_123405_3 Thread Start
20240723_123405_2 Thread Start
20240723_123406_OpenCV bulr() Start
20240723_123406_OpenCV bulr() Start
20240723_123406_OpenCV bulr() Start
20240723_123407_OpenCV bulr() Complete
20240723_123407_Custom bulr() Start
e
20240723_123407_Custom bulr() Start
20240723_123409_Custom bulr() Complete
20240723_123409_The gray values of the image pixels are identical.
20240723_123409_The gray values of the image pixels are identical.
20240723_123409_The gray values of the image pixels are identical.
20240723_123410_Save Image_./ResultImg/blurred_OpenCV_20240723_123409.png
20240723_123410_Save Image_./ResultImg/blurred_Custom_20240723_123409.png
20240723_123410_2 Thread Complete
20240723_123410_Save Image_./ResultImg/blurred_OpenCV_20240723_123409.png
20240723_123410_Save Image_./ResultImg/blurred_Custom_20240723_123409.png
20240723_123410_1 Thread Complete
20240723_123410_Save Image_./ResultImg/blurred_OpenCV_20240723_123409.png
20240723_123410_Save Image_./ResultImg/blurred_Custom_20240723_123409.png
20240723_123410_3 Thread Complete
20240723_123501_1 Thread Start
20240723_123501_2 Thread Start
20240723_123501_3 Thread Start
20240723_123502_OpenCV bulr() Start
20240723_123502_OpenCV bulr() Start
20240723_123502_OpenCV bulr() Start
20240723_123502_OpenCV bulr() Complete
20240723_123502_Custom bulr() Start
e
20240723_123502_Custom bulr() Start
20240723_123504_Custom bulr() Complete
20240723_123504_The gray values of the image pixels are identical.
20240723_123504_The gray values of the image pixels are identical.
20240723_123504_The gray values of the image pixels are identical.
20240723_123505_Save Image_./ResultImg/blurred_OpenCV_20240723_123504.png
20240723_123505_Save Image_./ResultImg/blurred_Custom_20240723_123504.png
20240723_123505_2 Thread Complete
20240723_123505_Save Image_./ResultImg/blurred_OpenCV_20240723_123504.png
20240723_123505_Save Image_./ResultImg/blurred_Custom_20240723_123504.png
20240723_123505_1 Thread Complete
20240723_123506_Save Image_./ResultImg/blurred_OpenCV_20240723_123504.png
20240723_123506_Save Image_./ResultImg/blurred_Custom_20240723_123504.png
20240723_123506_3 Thread Complete
20240723_143312_3 Thread Start
20240723_143313_OpenCV bulr() Start
20240723_143313_OpenCV bulr() Start
20240723_143313_OpenCV bulr() Start
20240723_143313_OpenCV bulr() Complete
20240723_143313_OpenCV bulr() Complete
20240723_143313_Custom bulr() Start
20240723_143313_Custom bulr() Start
20240723_143313_Custom bulr() Start
20240723_143315_Custom bulr() Complete
20240723_143315_The gray values of the image pixels are identical.
20240723_143315_The gray values of the image pixels are identical.
20240723_143315_The gray values of the image pixels are identical.
20240723_143316_Save Image_./ResultImg/blurred_OpenCV_20240723_143315_1.png
20240723_143316_Save Image_./ResultImg/blurred_Custom_20240723_143315_1.png
20240723_143316_2 Thread Complete
20240723_143316_Save Image_./ResultImg/blurred_OpenCV_20240723_143315_2.png
20240723_143316_Save Image_./ResultImg/blurred_Custom_20240723_143315_2.png
20240723_143316_3 Thread Complete
20240723_143316_Save Image_./ResultImg/blurred_OpenCV_20240723_143315_3.png
20240723_143316_Save Image_./ResultImg/blurred_Custom_20240723_143315_3.png
20240723_143316_1 Thread Complete
20240723_144201_2 Thread Start
20240723_144202_OpenCV bulr() Start
20240723_144202_OpenCV bulr() Start
20240723_144202_OpenCV bulr() Start
20240723_144202_OpenCV bulr() Complete
20240723_144202_Custom bulr() Start
e
20240723_144202_Custom bulr() Start
20240723_144205_Custom bulr() Complete
20240723_144205_The gray values of the image pixels are identical.
20240723_144205_The gray values of the image pixels are identical.
20240723_144205_The gray values of the image pixels are identical.
20240723_144205_Save Image_./ResultImg/blurred_OpenCV_20240723_144205_1.png
20240723_144205_Save Image_./ResultImg/blurred_Custom_20240723_144205_1.png
20240723_144205_2 Thread Complete
20240723_144205_Save Image_./ResultImg/blurred_OpenCV_20240723_144205_1.png
20240723_144205_Save Image_./ResultImg/blurred_Custom_20240723_144205_1.png
20240723_144205_1 Thread Complete
20240723_144206_Save Image_./ResultImg/blurred_OpenCV_20240723_144205_1.png
20240723_144206_Save Image_./ResultImg/blurred_Custom_20240723_144205_1.png
20240723_144206_3 Thread Complete
20240723_144247_3 Thread Start
20240723_144248_OpenCV bulr() Start
20240723_144248_OpenCV bulr() Start
20240723_144248_OpenCV bulr() Start
20240723_144249_OpenCV bulr() Complete
20240723_144249_Custom bulr() Start
e
20240723_144249_Custom bulr() Start
20240723_144251_Custom bulr() Complete
20240723_144251_The gray values of the image pixels are identical.
20240723_144251_The gray values of the image pixels are identical.
20240723_144251_The gray values of the image pixels are identical.
20240723_144252_Save Image_./ResultImg/blurred_OpenCV_20240723_144251_1.png
20240723_144252_Save Image_./ResultImg/blurred_Custom_20240723_144251_1.png
20240723_144252_2 Thread Complete
20240723_144252_Save Image_./ResultImg/blurred_OpenCV_20240723_144251_1.png
20240723_144252_Save Image_./ResultImg/blurred_Custom_20240723_144251_1.png
20240723_144252_1 Thread Complete
20240723_144252_Save Image_./ResultImg/blurred_OpenCV_20240723_144251_1.png
20240723_144252_Save Image_./ResultImg/blurred_Custom_20240723_144251_1.png
20240723_144252_3 Thread Complete
20240723_144328_2 Thread Start
20240723_144329_OpenCV bulr() Start
20240723_144329_OpenCV bulr() Start
20240723_144329_OpenCV bulr() Start
20240723_144329_OpenCV bulr() Complete
20240723_144329_OpenCV bulr() Complete
20240723_144329_OpenCV bulr() Complete
20240723_144329_Custom bulr() Start
20240723_144329_Custom bulr() Start
20240723_144331_Custom bulr() Complete
20240723_144331_The gray values of the image pixels are identical.
20240723_144331_The gray values of the image pixels are identical.
20240723_144331_The gray values of the image pixels are identical.
20240723_144332_Save Image_./ResultImg/blurred_OpenCV_20240723_144331_2.png
20240723_144332_Save Image_./ResultImg/blurred_Custom_20240723_144331_2.png
20240723_144332_Save Image_./ResultImg/blurred_OpenCV_20240723_144331_2.png
20240723_144332_Save Image_./ResultImg/blurred_Custom_20240723_144331_2.png
20240723_144332_Save Image_./ResultImg/blurred_OpenCV_20240723_144331_1.png
20240723_144332_Save Image_./ResultImg/blurred_Custom_20240723_144331_1.png
20240723_144332_3 Thread Complete
20240723_144621_1 Thread Start
20240723_144621_2 Thread Start
20240723_144621_3 Thread Start
20240723_144622_OpenCV bulr() Start
20240723_144622_OpenCV bulr() Start
20240723_144622_OpenCV bulr() Start
20240723_144623_OpenCV bulr() Complete
20240723_144623_Custom bulr() Start
e
20240723_144623_Custom bulr() Start
20240723_144625_Custom bulr() Complete
20240723_144625_The gray values of the image pixels are identical.
20240723_144625_The gray values of the image pixels are identical.
20240723_144625_The gray values of the image pixels are identical.
20240723_144626_Save Image_./ResultImg/blurred_OpenCV_20240723_144625_3.png
20240723_144626_Save Image_./ResultImg/blurred_Custom_20240723_144625_3.png
20240723_144626_1 Thread Complete
20240723_144626_Save Image_./ResultImg/blurred_OpenCV_20240723_144625_1.png
20240723_144626_Save Image_./ResultImg/blurred_Custom_20240723_144625_1.png
20240723_144626_Save Image_./ResultImg/blurred_OpenCV_20240723_144625_2.png
20240723_144626_Save Image_./ResultImg/blurred_Custom_20240723_144625_2.png
20240723_144626_3 Thread Complete
20240723_144703_1 Thread Start
20240723_144703_2 Thread Start
20240723_144703_3 Thread Start
20240723_144704_OpenCV bulr() Start
20240723_144704_OpenCV bulr() Start
20240723_144705_OpenCV bulr() Complete
20240723_144705_Custom bulr() Start
e
20240723_144705_Custom bulr() Start
20240723_144707_Custom bulr() Complete
20240723_144707_The gray values of the image pixels are identical.
20240723_144707_The gray values of the image pixels are identical.
20240723_144707_The gray values of the image pixels are identical.
20240723_144708_Save Image_./ResultImg/blurred_OpenCV_20240723_144707_2.png
20240723_144708_Save Image_./ResultImg/blurred_Custom_20240723_144707_2.png
20240723_144708_2 Thread Complete
20240723_144708_Save Image_./ResultImg/blurred_OpenCV_20240723_144707_1.png
20240723_144708_Save Image_./ResultImg/blurred_Custom_20240723_144707_1.png
20240723_144708_3 Thread Complete
20240723_144708_Save Image_./ResultImg/blurred_OpenCV_20240723_144707_3.png
20240723_144708_Save Image_./ResultImg/blurred_Custom_20240723_144707_3.png
20240723_144708_1 Thread Complete
20240723_144934_1 Thread Start
20240723_144934_3 Thread Start
20240723_144934_2 Thread Start
20240723_144935_OpenCV bulr() Start
20240723_144935_OpenCV bulr() Start
20240723_144935_OpenCV bulr() Start
20240723_144936_OpenCV bulr() Complete
20240723_144936_Custom bulr() Start
e
20240723_144936_Custom bulr() Start
20240723_144938_Custom bulr() Complete
20240723_144938_The gray values of the image pixels are identical.
20240723_144939_Save Image_./ResultImg/blurred_OpenCV_20240723_144938_1.png
20240723_144939_Save Image_./ResultImg/blurred_Custom_20240723_144938_1.png
20240723_144939_The gray values of the image pixels are identical.
20240723_144939_Save Image_./ResultImg/blurred_OpenCV_20240723_144939_1.png
20240723_144939_Save Image_./ResultImg/blurred_Custom_20240723_144939_1.png
20240723_144939_The gray values of the image pixels are identical.
20240723_144939_3 Thread Complete
20240723_144940_Save Image_./ResultImg/blurred_OpenCV_20240723_144939_2.png
20240723_144940_Save Image_./ResultImg/blurred_Custom_20240723_144939_2.png
20240723_144940_2 Thread Complete
20240723_144940_1 Thread Complete
20240723_144953_1 Thread Start
20240723_144953_2 Thread Start
20240723_144953_3 Thread Start
20240723_144954_OpenCV bulr() Start
20240723_144954_OpenCV bulr() Start
20240723_144954_OpenCV bulr() Start
20240723_144955_OpenCV bulr() Complete
20240723_144955_Custom bulr() Start
e
20240723_144955_Custom bulr() Start
20240723_144957_Custom bulr() Complete
20240723_144957_The gray values of the image pixels are identical.
20240723_144958_Save Image_./ResultImg/blurred_OpenCV_20240723_144957_1.png
20240723_144958_Save Image_./ResultImg/blurred_Custom_20240723_144957_1.png
20240723_144958_The gray values of the image pixels are identical.
20240723_144958_The gray values of the image pixels are identical.
20240723_144958_3 Thread Complete
20240723_144958_Save Image_./ResultImg/blurred_OpenCV_20240723_144958_1.png
20240723_144958_Save Image_./ResultImg/blurred_Custom_20240723_144958_1.png
20240723_144959_Save Image_./ResultImg/blurred_OpenCV_20240723_144958_2.png
20240723_144959_Save Image_./ResultImg/blurred_Custom_20240723_144958_2.png
20240723_144959_1 Thread Complete
20240723_144959_2 Thread Complete
20240723_150104_1 Thread Start
20240723_150104_2 Thread Start
20240723_150104_3 Thread Start
20240723_150105_OpenCV bulr() Start
20240723_150105_OpenCV bulr() Start
20240723_150105_OpenCV bulr() Start
20240723_150105_OpenCV bulr() Complete
20240723_150105_Custom bulr() Start
20240723_150105_OpenCV bulr() Complete
20240723_150105_Custom bulr() Start
20240723_150105_Custom bulr() Start
20240723_150107_Custom bulr() Complete
20240723_150107_The gray values of the image pixels are identical.
20240723_150108_Save Image_./ResultImg/blurred_OpenCV_20240723_150107_1.png
20240723_150108_Save Image_./ResultImg/blurred_Custom_20240723_150107_1.png
20240723_150108_The gray values of the image pixels are identical.
20240723_150108_The gray values of the image pixels are identical.
20240723_150109_Save Image_./ResultImg/blurred_OpenCV_20240723_150108_1.png
20240723_150109_Save Image_./ResultImg/blurred_Custom_20240723_150108_1.png
20240723_150110_Save Image_./ResultImg/blurred_OpenCV_20240723_150108_2.png
20240723_150110_Save Image_./ResultImg/blurred_Custom_20240723_150108_2.png
20240723_150110_2 Thread Complete
20240723_150110_1 Thread Complete
20240723_150110_3 Thread Complete
20240723_151102_1 Thread Start
20240723_151102_2 Thread Start
20240723_151102_3 Thread Start
20240723_151103_OpenCV bulr() Start
20240723_151103_OpenCV bulr() Start
20240723_151103_OpenCV bulr() Start
20240723_151103_OpenCV bulr() Complete
20240723_151103_OpenCV bulr() Complete
20240723_151103_Custom bulr() Start
20240723_151103_Custom bulr() Start
20240723_151105_Custom bulr() Complete
20240723_151106_Custom bulr() Complete
20240723_151106_The gray values of the image pixels are identical.
20240723_151106_Save Image_./ResultImg/blurred_OpenCV_20240723_151106_1.png
20240723_151106_Save Image_./ResultImg/blurred_Custom_20240723_151106_1.png
20240723_151106_The gray values of the image pixels are identical.
20240723_151106_The gray values of the image pixels are identical.
20240723_151106_3 Thread Complete
20240723_151107_Save Image_./ResultImg/blurred_OpenCV_20240723_151106_2.png
20240723_151107_Save Image_./ResultImg/blurred_Custom_20240723_151106_2.png
20240723_151108_Save Image_./ResultImg/blurred_OpenCV_20240723_151106_3.png
20240723_151108_Save Image_./ResultImg/blurred_Custom_20240723_151106_3.png
20240723_151108_1 Thread Complete
20240723_151108_2 Thread Complete
20240723_151256_1 Thread Start
20240723_151256_2 Thread Start
20240723_151256_3 Thread Start
20240723_151257_OpenCV bulr() Start
20240723_151257_OpenCV bulr() Start
20240723_151257_OpenCV bulr() Start
20240723_151257_OpenCV bulr() Complete
20240723_151257_OpenCV bulr() Complete
20240723_151257_Custom bulr() Start
e
20240723_151257_Custom bulr() Start
20240723_151259_Custom bulr() Complete
20240723_151259_The gray values of the image pixels are identical.
20240723_151300_Save Image_./ResultImg/blurred_OpenCV_20240723_151259_1.png
20240723_151300_Save Image_./ResultImg/blurred_Custom_20240723_151259_1.png
20240723_151300_The gray values of the image pixels are identical.
20240723_151300_The gray values of the image pixels are identical.
20240723_151300_1 Thread Complete
20240723_151301_Save Image_./ResultImg/blurred_OpenCV_20240723_151300_1.png
20240723_151301_Save Image_./ResultImg/blurred_Custom_20240723_151300_1.png
20240723_151301_3 Thread Complete
20240723_151302_Save Image_./ResultImg/blurred_OpenCV_20240723_151300_2.png
20240723_151302_Save Image_./ResultImg/blurred_Custom_20240723_151300_2.png
20240723_151302_2 Thread Complete
20240723_151342_2 Thread Start
20240723_151342_1 Thread Start
20240723_151342_3 Thread Start
20240723_151343_OpenCV bulr() Start
20240723_151343_OpenCV bulr() Start
20240723_151343_OpenCV bulr() Start
20240723_151343_OpenCV bulr() Complete
20240723_151343_Custom bulr() Start
e
20240723_151343_Custom bulr() Start
20240723_151345_Custom bulr() Complete
20240723_151346_The gray values of the image pixels are identical.
20240723_151346_The gray values of the image pixels are identical.
20240723_151346_Save Image_./ResultImg/blurred_OpenCV_20240723_151346_1.png
20240723_151346_Save Image_./ResultImg/blurred_Custom_20240723_151346_1.png
20240723_151347_Save Image_./ResultImg/blurred_OpenCV_20240723_151346_2.png
20240723_151347_Save Image_./ResultImg/blurred_Custom_20240723_151346_2.png
20240723_151347_The gray values of the image pixels are identical.
20240723_151347_2 Thread Complete
20240723_151347_1 Thread Complete
20240723_151348_Save Image_./ResultImg/blurred_OpenCV_20240723_151347_1.png
20240723_151348_Save Image_./ResultImg/blurred_Custom_20240723_151347_1.png
20240723_151348_3 Thread Complete
20240723_161811_1 Thread Start
20240723_161811_2 Thread Start
20240723_161811_3 Thread Start
20240723_161812_OpenCV bulr() Start
20240723_161812_OpenCV bulr() Start
20240723_161812_OpenCV bulr() Start
20240723_161813_OpenCV bulr() Complete
20240723_161813_Custom bulr() Start
e
20240723_161813_Custom bulr() Start
20240723_161815_Custom bulr() Complete
20240723_161815_Custom bulr() Complete
20240723_161815_Custom bulr() Complete
20240723_161815_The gray values of the image pixels are identical.
20240723_161816_Save Image_./ResultImg/blurred_OpenCV_20240723_161815_1.png
20240723_161816_Save Image_./ResultImg/blurred_Custom_20240723_161815_1.png
20240723_161816_The gray values of the image pixels are identical.
20240723_161816_The gray values of the image pixels are identical.
20240723_161817_Save Image_./ResultImg/blurred_OpenCV_20240723_161816_1.png
20240723_161817_Save Image_./ResultImg/blurred_Custom_20240723_161816_1.png
20240723_161817_1 Thread Complete
20240723_161817_2 Thread Complete
20240723_161817_Save Image_./ResultImg/blurred_OpenCV_20240723_161816_2.png
20240723_161817_Save Image_./ResultImg/blurred_Custom_20240723_161816_2.png
20240723_161817_3 Thread Complete
